<?xml version="1.0" encoding="UTF-8"?>
<!-- Generated by org.testng.reporters.JUnitReportReporter -->
<testsuite hostname="DESKTOP-L5ED9TF" failures="0" tests="2" name="tests.FailedLoginTests" time="36.251" errors="0" timestamp="2020-06-09T23:25:12 CEST" skipped="0">
  <testcase classname="tests.FailedLoginTests" name="asUserTryToRegisterWithExistingEmail" time="22.478"/>
  <testcase classname="tests.FailedLoginTests" name="asUserWantToLogInWithIncorrectEmailAndPassword" time="13.773"/>
</testsuite> <!-- tests.FailedLoginTests -->
